[debug] [2018-11-23T03:07:39.675Z] ----------------------------------------------------------------------
[debug] [2018-11-23T03:07:39.678Z] Command:       C:\Program Files\nodejs\node.exe C:\Users\brian\AppData\Roaming\npm\node_modules\firebase-tools\lib\bin\firebase.js serve
[debug] [2018-11-23T03:07:39.678Z] CLI Version:   6.1.1
[debug] [2018-11-23T03:07:39.678Z] Platform:      win32
[debug] [2018-11-23T03:07:39.678Z] Node Version:  v10.13.0
[debug] [2018-11-23T03:07:39.680Z] Time:          Fri Nov 23 2018 00:07:39 GMT-0300 (GMT-03:00)
[debug] [2018-11-23T03:07:39.680Z] ----------------------------------------------------------------------
[debug] 
[debug] [2018-11-23T03:07:39.698Z] > command requires scopes: ["email","openid","https://www.googleapis.com/auth/cloudplatformprojects.readonly","https://www.googleapis.com/auth/firebase","https://www.googleapis.com/auth/cloud-platform"]
[debug] [2018-11-23T03:07:39.699Z] > authorizing via signed-in user
[debug] [2018-11-23T03:07:39.699Z] [iam] checking project testcarrito-fad44 for permissions ["firebase.projects.get"]
[debug] [2018-11-23T03:07:39.702Z] >>> HTTP REQUEST POST https://cloudresourcemanager.googleapis.com/v1/projects/testcarrito-fad44:testIamPermissions  

[debug] [2018-11-23T03:07:40.893Z] <<< HTTP RESPONSE 200
[debug] [2018-11-23T03:07:40.894Z] >>> HTTP REQUEST GET https://cloudresourcemanager.googleapis.com/v1/projects/testcarrito-fad44  
 
[debug] [2018-11-23T03:07:42.012Z] <<< HTTP RESPONSE 200
[info] 
[info] === Serving from 'C:\Users\brian\Downloads\testWeb-master\testWeb-master\carritoFrontEnd'...
[info] 
[debug] [2018-11-23T03:07:42.020Z] >>> HTTP REQUEST GET https://mobilesdk-pa.googleapis.com/v1/projects/130481807905/clients/_:getWebAppConfig  
 
[debug] [2018-11-23T03:07:42.389Z] <<< HTTP RESPONSE 200
[info] i  hosting: Serving hosting files from: ./
[info] +  hosting: Local server: http://localhost:5000
